<?xml version="1.0" encoding="UTF-8"?>
<!-- Generated by org.testng.reporters.JUnitReportReporter -->
<testsuite hostname="Praveen_246" name="DriverFactory.AppTest" tests="1" failures="0" timestamp="31 Jan 2022 12:35:36 GMT" time="92.365" errors="0">
  <testcase name="KickStart" time="92.365" classname="DriverFactory.AppTest"/>
</testsuite> <!-- DriverFactory.AppTest -->
